2024-11-02 17:35:07,427 - INFO - Loading and preprocessing data...
2024-11-02 17:35:07,430 - WARNING - File not found: HTOL-09_alerts.csv
2024-11-02 17:35:07,432 - WARNING - File not found: HTOL-10_alerts.csv
2024-11-02 17:35:07,433 - WARNING - File not found: HTOL-11_alerts.csv
2024-11-02 17:35:07,433 - WARNING - File not found: HTOL-12_alerts.csv
2024-11-02 17:35:07,434 - WARNING - File not found: HTOL-13_alerts.csv
2024-11-02 17:35:07,435 - WARNING - File not found: HTOL-14_alerts.csv
2024-11-02 17:35:07,435 - WARNING - File not found: HTOL-15_alerts.csv
2024-11-02 17:35:07,436 - ERROR - Error in main execution: No data files were successfully loaded
2024-11-02 17:35:47,418 - INFO - Loading and preprocessing data...
2024-11-02 17:35:47,529 - ERROR - Error in main execution: Cannot convert numpy.ndarray to numpy.ndarray
2024-11-02 17:36:35,995 - INFO - Loading and preprocessing data...
2024-11-02 17:36:36,083 - ERROR - Error in main execution: Cannot convert numpy.ndarray to numpy.ndarray
2024-11-02 17:37:35,948 - INFO - Loading and preprocessing data...
2024-11-02 17:37:35,950 - WARNING - File not found: HTOL-09_alerts.csv
2024-11-02 17:37:35,951 - WARNING - File not found: HTOL-10_alerts.csv
2024-11-02 17:37:35,953 - WARNING - File not found: HTOL-11_alerts.csv
2024-11-02 17:37:35,954 - WARNING - File not found: HTOL-12_alerts.csv
2024-11-02 17:37:35,954 - WARNING - File not found: HTOL-13_alerts.csv
2024-11-02 17:37:35,955 - WARNING - File not found: HTOL-14_alerts.csv
2024-11-02 17:37:35,956 - WARNING - File not found: HTOL-15_alerts.csv
2024-11-02 17:37:35,956 - ERROR - Error in main execution: No data files were successfully loaded
2024-11-02 17:37:40,693 - INFO - Loading and preprocessing data...
2024-11-02 17:37:40,787 - ERROR - Error in main execution: Cannot convert numpy.ndarray to numpy.ndarray
2024-11-02 17:37:56,514 - INFO - Loading and preprocessing data...
2024-11-02 17:37:56,596 - ERROR - Error in main execution: Cannot convert numpy.ndarray to numpy.ndarray
2024-11-02 17:38:32,920 - INFO - Loading and preprocessing data...
2024-11-02 17:38:33,010 - ERROR - Error in main execution: Cannot convert numpy.ndarray to numpy.ndarray
2024-11-02 17:39:47,397 - INFO - Loading and preprocessing data...
2024-11-02 17:39:47,492 - ERROR - Error in main execution: Cannot convert numpy.ndarray to numpy.ndarray
2024-11-02 17:43:58,429 - INFO - Loading and preprocessing data...
2024-11-02 17:43:58,522 - ERROR - Error in main execution: Cannot convert numpy.ndarray to numpy.ndarray
2024-11-02 17:44:43,418 - ERROR - Error in main execution: Cannot convert numpy.ndarray to numpy.ndarray
2024-11-02 17:45:36,530 - ERROR - Error in main execution: [Errno 2] No such file or directory: '../../data/HTOL-09_alerts.csv'
2024-11-02 17:45:41,990 - ERROR - Error in main execution: Cannot convert numpy.ndarray to numpy.ndarray
2024-11-02 17:46:17,369 - ERROR - Error in main execution: Cannot convert numpy.ndarray to numpy.ndarray
2024-11-02 17:47:35,920 - ERROR - Error in main execution: Cannot convert numpy.ndarray to numpy.ndarray
2024-11-02 17:48:07,977 - ERROR - Error in main execution: [Errno 20] Not a directory: './data/HTOL-09_alerts.csv'
2024-11-02 17:48:18,177 - ERROR - Error in main execution: [Errno 20] Not a directory: './data/HTOL-09_alerts.csv'
2024-11-02 17:48:31,095 - ERROR - Error in main execution: [Errno 20] Not a directory: './data/HTOL-09_alerts.csv'
2024-11-02 17:49:07,974 - ERROR - Error in main execution: Cannot convert numpy.ndarray to numpy.ndarray
2024-11-02 17:50:04,556 - ERROR - Error in main execution: Cannot convert numpy.ndarray to numpy.ndarray
2024-11-02 17:50:25,981 - ERROR - Error in main execution: Cannot convert numpy.ndarray to numpy.ndarray
2024-11-02 18:05:10,557 - INFO - Loading and preprocessing data...
2024-11-02 18:05:10,559 - WARNING - File not found: HTOL-09_alerts.csv
2024-11-02 18:05:10,560 - WARNING - File not found: HTOL-10_alerts.csv
2024-11-02 18:05:10,560 - WARNING - File not found: HTOL-11_alerts.csv
2024-11-02 18:05:10,561 - WARNING - File not found: HTOL-12_alerts.csv
2024-11-02 18:05:10,562 - WARNING - File not found: HTOL-13_alerts.csv
2024-11-02 18:05:10,562 - WARNING - File not found: HTOL-14_alerts.csv
2024-11-02 18:05:10,563 - WARNING - File not found: HTOL-15_alerts.csv
2024-11-02 18:05:10,563 - ERROR - Error in main execution: No data files were successfully loaded
2024-11-02 18:05:32,195 - INFO - Loading and preprocessing data...
2024-11-02 18:05:33,825 - INFO - Engineering features...
2024-11-02 18:05:35,861 - ERROR - Error in main execution: Cannot set a DataFrame with multiple columns to the single column LOW_freq_7d
2024-11-02 18:13:13,702 - INFO - Loading and preprocessing data...
2024-11-02 18:13:15,493 - INFO - Engineering features...
2024-11-02 18:13:17,400 - ERROR - Error in main execution: invalid on specified as Time, must be a column (of DataFrame), an Index or None
2024-11-02 18:18:44,807 - INFO - Loading and preprocessing data...
2024-11-02 18:18:46,450 - INFO - Engineering features...
2024-11-02 18:18:48,431 - ERROR - Error in main execution: invalid on specified as Time, must be a column (of DataFrame), an Index or None
